00:31:12 **** Incremental Build of configuration Debug for project Keypad ****
make all 
Building file: ../Keypad_Driver/keypad.c
Invoking: AVR Compiler
avr-gcc -Wall -g2 -gstabs -O0 -fpack-struct -fshort-enums -ffunction-sections -fdata-sections -std=gnu99 -funsigned-char -funsigned-bitfields -mmcu=atmega32 -DF_CPU=16000000UL -MMD -MP -MF"Keypad_Driver/keypad.d" -MT"Keypad_Driver/keypad.o" -c -o "Keypad_Driver/keypad.o" "../Keypad_Driver/keypad.c"
In file included from ../Keypad_Driver/keypad.c:14:
c:/winavr-20100110/lib/gcc/../../avr/include/util/delay.h:90:3: warning: #warning "Compiler optimizations disabled; functions from <util/delay.h> won't work as designed"
Finished building: ../Keypad_Driver/keypad.c
 
Building target: Keypad.elf
Invoking: AVR C Linker
avr-gcc -Wl,-Map,Keypad.map -mmcu=atmega32 -o "Keypad.elf"  ./src/main.o  ./Keypad_Driver/keypad.o  ./GPIO/gpio.o   
Finished building target: Keypad.elf
 
Invoking: AVR Create Extended Listing
avr-objdump -h -S Keypad.elf  >"Keypad.lss"
Finished building: Keypad.lss
 
Invoking: Print Size
avr-size --format=avr --mcu=atmega32 Keypad.elf
AVR Memory Usage
----------------
Device: atmega32

Program:    5488 bytes (16.7% Full)
(.text + .data + .bootloader)

Data:          8 bytes (0.4% Full)
(.data + .bss + .noinit)


Finished building: sizedummy
 

00:31:15 Build Finished. 0 errors, 1 warnings. (took 3s.50ms)

