21:37:01 **** Build of configuration Debug for project I-CH3 ****
make all 
Building file: ../src/main.c
Invoking: AVR Compiler
avr-gcc -Wall -g2 -gstabs -O0 -fpack-struct -fshort-enums -ffunction-sections -fdata-sections -std=gnu99 -funsigned-char -funsigned-bitfields -mmcu=atmega32 -DF_CPU=16000000UL -MMD -MP -MF"src/main.d" -MT"src/main.o" -c -o "src/main.o" "../src/main.c"
In file included from ../src/main.c:12:
c:/winavr-20100110/lib/gcc/../../avr/include/util/delay.h:90:3: warning: #warning "Compiler optimizations disabled; functions from <util/delay.h> won't work as designed"
Finished building: ../src/main.c
 
Building target: I-CH3.elf
Invoking: AVR C Linker
avr-gcc -Wl,-Map,I-CH3.map -mmcu=atmega32 -o "I-CH3.elf"  ./src/main.o   
Finished building target: I-CH3.elf
 
Invoking: AVR Create Extended Listing
avr-objdump -h -S I-CH3.elf  >"I-CH3.lss"
Finished building: I-CH3.lss
 
Create Flash image (ihex format)
avr-objcopy -R .eeprom -R .fuse -R .lock -R .signature -O ihex I-CH3.elf  "I-CH3.hex"
Finished building: I-CH3.hex
 
Invoking: Print Size
avr-size --format=avr --mcu=atmega32 I-CH3.elf
AVR Memory Usage
----------------
Device: atmega32

Program:    3628 bytes (11.1% Full)
(.text + .data + .bootloader)

Data:         28 bytes (1.4% Full)
(.data + .bss + .noinit)


Finished building: sizedummy
 

21:37:06 Build Finished. 0 errors, 1 warnings. (took 4s.965ms)

