20:50:41 **** Incremental Build of configuration Debug for project I-EX5 ****
make all 
Building target: I-EX5.elf
Invoking: AVR C Linker
avr-gcc -Wl,-Map,I-EX5.map -mmcu=atmega32 -o "I-EX5.elf"  ./src/main.o   
Finished building target: I-EX5.elf
 
Invoking: AVR Create Extended Listing
avr-objdump -h -S I-EX5.elf  >"I-EX5.lss"
Finished building: I-EX5.lss
 
Create Flash image (ihex format)
avr-objcopy -R .eeprom -R .fuse -R .lock -R .signature -O ihex I-EX5.elf  "I-EX5.hex"
Finished building: I-EX5.hex
 
Invoking: Print Size
avr-size --format=avr --mcu=atmega32 I-EX5.elf
AVR Memory Usage
----------------
Device: atmega32

Program:    3332 bytes (10.2% Full)
(.text + .data + .bootloader)

Data:          8 bytes (0.4% Full)
(.data + .bss + .noinit)


Finished building: sizedummy
 

20:50:43 Build Finished. 0 errors, 0 warnings. (took 2s.295ms)

